This file contains any messages produced by compilers while
running configure, to aid debugging if configure makes a mistake.

It was created by configure, which was
generated by GNU Autoconf 2.63.  Invocation command line was

  $ ./configure 

## --------- ##
## Platform. ##
## --------- ##

hostname = robs-laptop
uname -m = i686
uname -r = 2.6.30.5-43.fc11.i586
uname -s = Linux
uname -v = #1 SMP Thu Aug 27 21:18:54 EDT 2009

/usr/bin/uname -p = unknown
/bin/uname -X     = unknown

/bin/arch              = i686
/usr/bin/arch -k       = unknown
/usr/convex/getsysinfo = unknown
/usr/bin/hostinfo      = unknown
/bin/machine           = unknown
/usr/bin/oslevel       = unknown
/bin/universe          = unknown

PATH: /usr/lib/qt-3.3/bin
PATH: /usr/kerberos/bin
PATH: /usr/lib/ccache
PATH: /usr/local/bin
PATH: /usr/bin
PATH: /bin
PATH: /usr/local/sbin
PATH: /usr/sbin
PATH: /sbin
PATH: /home/robmyers/bin
PATH: /usr/local/bin
PATH: /home/robmyers/scripts_private
PATH: /usr/local/WordNet-3.0/bin


## ----------- ##
## Core tests. ##
## ----------- ##

configure:1797: checking for a BSD-compatible install
configure:1865: result: /usr/bin/install -c
configure:1876: checking whether build environment is sane
configure:1936: result: yes
configure:2077: checking for a thread-safe mkdir -p
configure:2116: result: /bin/mkdir -p
configure:2129: checking for gawk
configure:2145: found /usr/bin/gawk
configure:2156: result: gawk
configure:2167: checking whether make sets $(MAKE)
configure:2189: result: yes
configure:2315: checking for ranlib
configure:2331: found /usr/bin/ranlib
configure:2342: result: ranlib
configure:2418: checking for g77
configure:2448: result: no
configure:2418: checking for xlf
configure:2448: result: no
configure:2418: checking for f77
configure:2448: result: no
configure:2418: checking for frt
configure:2448: result: no
configure:2418: checking for pgf77
configure:2448: result: no
configure:2418: checking for cf77
configure:2448: result: no
configure:2418: checking for fort77
configure:2448: result: no
configure:2418: checking for fl32
configure:2448: result: no
configure:2418: checking for af77
configure:2448: result: no
configure:2418: checking for xlf90
configure:2448: result: no
configure:2418: checking for f90
configure:2448: result: no
configure:2418: checking for pgf90
configure:2448: result: no
configure:2418: checking for pghpf
configure:2448: result: no
configure:2418: checking for epcf90
configure:2448: result: no
configure:2418: checking for gfortran
configure:2434: found /usr/bin/gfortran
configure:2445: result: gfortran
configure:2471: checking for Fortran 77 compiler version
configure:2479: gfortran --version >&5
GNU Fortran (GCC) 4.4.1 20090725 (Red Hat 4.4.1-2)
Copyright (C) 2009 Free Software Foundation, Inc.

GNU Fortran comes with NO WARRANTY, to the extent permitted by law.
You may redistribute copies of GNU Fortran
under the terms of the GNU General Public License.
For more information about these matters, see the file named COPYING

configure:2483: $? = 0
configure:2490: gfortran -v >&5
Using built-in specs.
Target: i586-redhat-linux
Configured with: ../configure --prefix=/usr --mandir=/usr/share/man --infodir=/usr/share/info --with-bugurl=http://bugzilla.redhat.com/bugzilla --enable-bootstrap --enable-shared --enable-threads=posix --enable-checking=release --with-system-zlib --enable-__cxa_atexit --disable-libunwind-exceptions --enable-languages=c,c++,objc,obj-c++,java,fortran,ada --enable-java-awt=gtk --disable-dssi --enable-plugin --with-java-home=/usr/lib/jvm/java-1.5.0-gcj-1.5.0.0/jre --enable-libgcj-multifile --enable-java-maintainer-mode --with-ecj-jar=/usr/share/java/eclipse-ecj.jar --disable-libjava-multilib --with-ppl --with-cloog --with-tune=generic --with-arch=i586 --build=i586-redhat-linux
Thread model: posix
gcc version 4.4.1 20090725 (Red Hat 4.4.1-2) (GCC) 
configure:2494: $? = 0
configure:2501: gfortran -V >&5
gfortran: '-V' option must have argument
configure:2505: $? = 1
configure:2519: checking for Fortran 77 compiler default output file name
configure:2541: gfortran   conftest.f  >&5
configure:2545: $? = 0
configure:2583: result: a.out
configure:2602: checking whether the Fortran 77 compiler works
configure:2612: ./a.out
configure:2616: $? = 0
configure:2635: result: yes
configure:2642: checking whether we are cross compiling
configure:2644: result: no
configure:2647: checking for suffix of executables
configure:2654: gfortran -o conftest   conftest.f  >&5
configure:2658: $? = 0
configure:2684: result: 
configure:2690: checking for suffix of object files
configure:2706: gfortran -c  conftest.f >&5
configure:2710: $? = 0
configure:2735: result: o
configure:2743: checking whether we are using the GNU Fortran 77 compiler
configure:2762: gfortran -c  conftest.F >&5
configure:2769: $? = 0
configure:2786: result: yes
configure:2792: checking whether gfortran accepts -g
configure:2809: gfortran -c -g conftest.f >&5
configure:2816: $? = 0
configure:2832: result: yes
configure:2866: checking how to get verbose linking output from gfortran
configure:2882: gfortran -c -g -O2 conftest.f >&5
configure:2889: $? = 0
configure:2911: gfortran -o conftest -g -O2 -v conftest.f
Using built-in specs.
Target: i586-redhat-linux
Configured with: ../configure --prefix=/usr --mandir=/usr/share/man --infodir=/usr/share/info --with-bugurl=http://bugzilla.redhat.com/bugzilla --enable-bootstrap --enable-shared --enable-threads=posix --enable-checking=release --with-system-zlib --enable-__cxa_atexit --disable-libunwind-exceptions --enable-languages=c,c++,objc,obj-c++,java,fortran,ada --enable-java-awt=gtk --disable-dssi --enable-plugin --with-java-home=/usr/lib/jvm/java-1.5.0-gcj-1.5.0.0/jre --enable-libgcj-multifile --enable-java-maintainer-mode --with-ecj-jar=/usr/share/java/eclipse-ecj.jar --disable-libjava-multilib --with-ppl --with-cloog --with-tune=generic --with-arch=i586 --build=i586-redhat-linux
Thread model: posix
gcc version 4.4.1 20090725 (Red Hat 4.4.1-2) (GCC) 
 /usr/libexec/gcc/i586-redhat-linux/4.4.1/f951 conftest.f -ffixed-form -quiet -dumpbase conftest.f -mtune=generic -march=i586 -auxbase conftest -g -O2 -version -fintrinsic-modules-path /usr/lib/gcc/i586-redhat-linux/4.4.1/finclude -o /tmp/ccfAc9bK.s
GNU Fortran (GCC) version 4.4.1 20090725 (Red Hat 4.4.1-2) (i586-redhat-linux)
	compiled by GNU C version 4.4.1 20090725 (Red Hat 4.4.1-2), GMP version 4.2.4, MPFR version 2.4.1.
GGC heuristics: --param ggc-min-expand=97 --param ggc-min-heapsize=127298
 as -V -Qy -o /tmp/cck4u3Jn.o /tmp/ccfAc9bK.s
GNU assembler version 2.19.51.0.14 (i586-redhat-linux) using BFD version version 2.19.51.0.14-1.fc11 20090722
 /usr/libexec/gcc/i586-redhat-linux/4.4.1/collect2 --eh-frame-hdr --build-id -m elf_i386 --hash-style=gnu -dynamic-linker /lib/ld-linux.so.2 -o conftest /usr/lib/gcc/i586-redhat-linux/4.4.1/../../../crt1.o /usr/lib/gcc/i586-redhat-linux/4.4.1/../../../crti.o /usr/lib/gcc/i586-redhat-linux/4.4.1/crtbegin.o -L/usr/lib/gcc/i586-redhat-linux/4.4.1 -L/usr/lib/gcc/i586-redhat-linux/4.4.1 -L/usr/lib/gcc/i586-redhat-linux/4.4.1/../../.. /tmp/cck4u3Jn.o -lgfortranbegin -lgfortran -lm -lgcc_s -lgcc -lc -lgcc_s -lgcc /usr/lib/gcc/i586-redhat-linux/4.4.1/crtend.o /usr/lib/gcc/i586-redhat-linux/4.4.1/../../../crtn.o
configure:2980: result: -v
configure:2982: checking for Fortran 77 libraries of gfortran
configure:3005: gfortran -o conftest -g -O2 -v conftest.f
Using built-in specs.
Target: i586-redhat-linux
Configured with: ../configure --prefix=/usr --mandir=/usr/share/man --infodir=/usr/share/info --with-bugurl=http://bugzilla.redhat.com/bugzilla --enable-bootstrap --enable-shared --enable-threads=posix --enable-checking=release --with-system-zlib --enable-__cxa_atexit --disable-libunwind-exceptions --enable-languages=c,c++,objc,obj-c++,java,fortran,ada --enable-java-awt=gtk --disable-dssi --enable-plugin --with-java-home=/usr/lib/jvm/java-1.5.0-gcj-1.5.0.0/jre --enable-libgcj-multifile --enable-java-maintainer-mode --with-ecj-jar=/usr/share/java/eclipse-ecj.jar --disable-libjava-multilib --with-ppl --with-cloog --with-tune=generic --with-arch=i586 --build=i586-redhat-linux
Thread model: posix
gcc version 4.4.1 20090725 (Red Hat 4.4.1-2) (GCC) 
 /usr/libexec/gcc/i586-redhat-linux/4.4.1/f951 conftest.f -ffixed-form -quiet -dumpbase conftest.f -mtune=generic -march=i586 -auxbase conftest -g -O2 -version -fintrinsic-modules-path /usr/lib/gcc/i586-redhat-linux/4.4.1/finclude -o /tmp/cc9V5eVQ.s
GNU Fortran (GCC) version 4.4.1 20090725 (Red Hat 4.4.1-2) (i586-redhat-linux)
	compiled by GNU C version 4.4.1 20090725 (Red Hat 4.4.1-2), GMP version 4.2.4, MPFR version 2.4.1.
GGC heuristics: --param ggc-min-expand=97 --param ggc-min-heapsize=127298
 as -V -Qy -o /tmp/ccQ49J5A.o /tmp/cc9V5eVQ.s
GNU assembler version 2.19.51.0.14 (i586-redhat-linux) using BFD version version 2.19.51.0.14-1.fc11 20090722
 /usr/libexec/gcc/i586-redhat-linux/4.4.1/collect2 --eh-frame-hdr --build-id -m elf_i386 --hash-style=gnu -dynamic-linker /lib/ld-linux.so.2 -o conftest /usr/lib/gcc/i586-redhat-linux/4.4.1/../../../crt1.o /usr/lib/gcc/i586-redhat-linux/4.4.1/../../../crti.o /usr/lib/gcc/i586-redhat-linux/4.4.1/crtbegin.o -L/usr/lib/gcc/i586-redhat-linux/4.4.1 -L/usr/lib/gcc/i586-redhat-linux/4.4.1 -L/usr/lib/gcc/i586-redhat-linux/4.4.1/../../.. /tmp/ccQ49J5A.o -lgfortranbegin -lgfortran -lm -lgcc_s -lgcc -lc -lgcc_s -lgcc /usr/lib/gcc/i586-redhat-linux/4.4.1/crtend.o /usr/lib/gcc/i586-redhat-linux/4.4.1/../../../crtn.o
configure:3182: result:  -L/usr/lib/gcc/i586-redhat-linux/4.4.1 -L/usr/lib/gcc/i586-redhat-linux/4.4.1/../../.. -lgfortranbegin -lgfortran -lm
configure:3343: creating ./config.status

## ---------------------- ##
## Running config.status. ##
## ---------------------- ##

This file was extended by config.status, which was
generated by GNU Autoconf 2.63.  Invocation command line was

  CONFIG_FILES    = 
  CONFIG_HEADERS  = 
  CONFIG_LINKS    = 
  CONFIG_COMMANDS = 
  $ ./config.status 

on robs-laptop

config.status:671: creating Makefile
config.status:671: creating src/Makefile

## ---------------- ##
## Cache variables. ##
## ---------------- ##

ac_cv_env_F77_set=
ac_cv_env_F77_value=
ac_cv_env_FFLAGS_set=
ac_cv_env_FFLAGS_value=
ac_cv_env_LDFLAGS_set=
ac_cv_env_LDFLAGS_value=
ac_cv_env_LIBS_set=
ac_cv_env_LIBS_value=
ac_cv_env_build_alias_set=
ac_cv_env_build_alias_value=
ac_cv_env_host_alias_set=
ac_cv_env_host_alias_value=
ac_cv_env_target_alias_set=
ac_cv_env_target_alias_value=
ac_cv_f77_compiler_gnu=yes
ac_cv_f77_libs=' -L/usr/lib/gcc/i586-redhat-linux/4.4.1 -L/usr/lib/gcc/i586-redhat-linux/4.4.1/../../.. -lgfortranbegin -lgfortran -lm'
ac_cv_objext=o
ac_cv_path_install='/usr/bin/install -c'
ac_cv_path_mkdir=/bin/mkdir
ac_cv_prog_AWK=gawk
ac_cv_prog_ac_ct_F77=gfortran
ac_cv_prog_ac_ct_RANLIB=ranlib
ac_cv_prog_f77_g=yes
ac_cv_prog_f77_v=-v
ac_cv_prog_make_make_set=yes

## ----------------- ##
## Output variables. ##
## ----------------- ##

ACLOCAL='${SHELL} /home/robmyers/Desktop/explor/missing --run aclocal-1.11'
AMTAR='${SHELL} /home/robmyers/Desktop/explor/missing --run tar'
AUTOCONF='${SHELL} /home/robmyers/Desktop/explor/missing --run autoconf'
AUTOHEADER='${SHELL} /home/robmyers/Desktop/explor/missing --run autoheader'
AUTOMAKE='${SHELL} /home/robmyers/Desktop/explor/missing --run automake-1.11'
AWK='gawk'
CYGPATH_W='echo'
DEFS='-DPACKAGE_NAME=\"\" -DPACKAGE_TARNAME=\"\" -DPACKAGE_VERSION=\"\" -DPACKAGE_STRING=\"\" -DPACKAGE_BUGREPORT=\"\" -DPACKAGE=\"explor\" -DVERSION=\"0.1\"'
ECHO_C=''
ECHO_N='-n'
ECHO_T=''
EXEEXT=''
F77='gfortran'
FFLAGS='-g -O2'
FLIBS=' -L/usr/lib/gcc/i586-redhat-linux/4.4.1 -L/usr/lib/gcc/i586-redhat-linux/4.4.1/../../.. -lgfortranbegin -lgfortran -lm'
INSTALL_DATA='${INSTALL} -m 644'
INSTALL_PROGRAM='${INSTALL}'
INSTALL_SCRIPT='${INSTALL}'
INSTALL_STRIP_PROGRAM='$(install_sh) -c -s'
LDFLAGS=''
LIBOBJS=''
LIBS=''
LTLIBOBJS=''
MAKEINFO='${SHELL} /home/robmyers/Desktop/explor/missing --run makeinfo'
MKDIR_P='/bin/mkdir -p'
OBJEXT='o'
PACKAGE='explor'
PACKAGE_BUGREPORT=''
PACKAGE_NAME=''
PACKAGE_STRING=''
PACKAGE_TARNAME=''
PACKAGE_VERSION=''
PATH_SEPARATOR=':'
RANLIB='ranlib'
SET_MAKE=''
SHELL='/bin/sh'
STRIP=''
VERSION='0.1'
ac_ct_F77='gfortran'
am__EXEEXT_FALSE=''
am__EXEEXT_TRUE='#'
am__isrc=''
am__leading_dot='.'
am__tar='${AMTAR} chof - "$$tardir"'
am__untar='${AMTAR} xf -'
bindir='${exec_prefix}/bin'
build_alias=''
datadir='${datarootdir}'
datarootdir='${prefix}/share'
docdir='${datarootdir}/doc/${PACKAGE}'
dvidir='${docdir}'
exec_prefix='${prefix}'
host_alias=''
htmldir='${docdir}'
includedir='${prefix}/include'
infodir='${datarootdir}/info'
install_sh='${SHELL} /home/robmyers/Desktop/explor/install-sh'
libdir='${exec_prefix}/lib'
libexecdir='${exec_prefix}/libexec'
localedir='${datarootdir}/locale'
localstatedir='${prefix}/var'
mandir='${datarootdir}/man'
mkdir_p='/bin/mkdir -p'
oldincludedir='/usr/include'
pdfdir='${docdir}'
prefix='/usr/local'
program_transform_name='s,x,x,'
psdir='${docdir}'
sbindir='${exec_prefix}/sbin'
sharedstatedir='${prefix}/com'
sysconfdir='${prefix}/etc'
target_alias=''

## ----------- ##
## confdefs.h. ##
## ----------- ##

#define PACKAGE_NAME ""
#define PACKAGE_TARNAME ""
#define PACKAGE_VERSION ""
#define PACKAGE_STRING ""
#define PACKAGE_BUGREPORT ""
#define PACKAGE "explor"
#define VERSION "0.1"

configure: exit 0

## ---------------------- ##
## Running config.status. ##
## ---------------------- ##

This file was extended by config.status, which was
generated by GNU Autoconf 2.63.  Invocation command line was

  CONFIG_FILES    = 
  CONFIG_HEADERS  = 
  CONFIG_LINKS    = 
  CONFIG_COMMANDS = 
  $ ./config.status src/Makefile

on robs-laptop

config.status:671: creating src/Makefile
